[INFO] Scanning for projects...
[INFO]                                                                         
[INFO] ------------------------------------------------------------------------
[INFO] Building pricingCalculator 0.0.1-SNAPSHOT
[INFO] ------------------------------------------------------------------------
[INFO] 
[INFO] --- maven-clean-plugin:3.1.0:clean (default-clean) @ pricingCalculator ---
[INFO] Deleting /home/dothewu/Downloads/Testing/taco-loco/target
[INFO] 
[INFO] --- maven-resources-plugin:3.1.0:resources (default-resources) @ pricingCalculator ---
[INFO] Using 'UTF-8' encoding to copy filtered resources.
[INFO] Copying 1 resource
[INFO] Copying 0 resource
[INFO] 
[INFO] --- maven-compiler-plugin:3.8.1:compile (default-compile) @ pricingCalculator ---
[INFO] Changes detected - recompiling the module!
[INFO] Compiling 19 source files to /home/dothewu/Downloads/Testing/taco-loco/target/classes
[INFO] /home/dothewu/Downloads/Testing/taco-loco/src/main/java/com/tacoloco/services/PricingCalculatorService.java: /home/dothewu/Downloads/Testing/taco-loco/src/main/java/com/tacoloco/services/PricingCalculatorService.java uses or overrides a deprecated API.
[INFO] /home/dothewu/Downloads/Testing/taco-loco/src/main/java/com/tacoloco/services/PricingCalculatorService.java: Recompile with -Xlint:deprecation for details.
[INFO] /home/dothewu/Downloads/Testing/taco-loco/src/main/java/com/tacoloco/services/PricingCalculatorService.java: Some input files use unchecked or unsafe operations.
[INFO] /home/dothewu/Downloads/Testing/taco-loco/src/main/java/com/tacoloco/services/PricingCalculatorService.java: Recompile with -Xlint:unchecked for details.
[INFO] 
[INFO] --- maven-resources-plugin:3.1.0:testResources (default-testResources) @ pricingCalculator ---
[INFO] Using 'UTF-8' encoding to copy filtered resources.
[INFO] Copying 1 resource
[INFO] 
[INFO] --- maven-compiler-plugin:3.8.1:testCompile (default-testCompile) @ pricingCalculator ---
[INFO] Changes detected - recompiling the module!
[INFO] Compiling 5 source files to /home/dothewu/Downloads/Testing/taco-loco/target/test-classes
[INFO] /home/dothewu/Downloads/Testing/taco-loco/src/test/java/com/tacoloco/pricingCalculator/PricingCalculatorServiceTests.java: /home/dothewu/Downloads/Testing/taco-loco/src/test/java/com/tacoloco/pricingCalculator/PricingCalculatorServiceTests.java uses unchecked or unsafe operations.
[INFO] /home/dothewu/Downloads/Testing/taco-loco/src/test/java/com/tacoloco/pricingCalculator/PricingCalculatorServiceTests.java: Recompile with -Xlint:unchecked for details.
[INFO] 
[INFO] --- maven-surefire-plugin:2.22.2:test (default-test) @ pricingCalculator ---
[INFO] 
[INFO] -------------------------------------------------------
[INFO]  T E S T S
[INFO] -------------------------------------------------------
[INFO] Running com.tacoloco.pricingCalculator.PricingCalculatorServiceTests
[INFO] Running com.tacoloco.pricingCalculator.PricingCalculatorRepositoryTests
10:16:13.736 [main] DEBUG org.springframework.test.context.BootstrapUtils - Instantiating CacheAwareContextLoaderDelegate from class [org.springframework.test.context.cache.DefaultCacheAwareContextLoaderDelegate]
10:16:13.878 [main] DEBUG org.springframework.test.context.BootstrapUtils - Instantiating BootstrapContext using constructor [public org.springframework.test.context.support.DefaultBootstrapContext(java.lang.Class,org.springframework.test.context.CacheAwareContextLoaderDelegate)]
10:16:13.914 [main] DEBUG org.springframework.test.context.BootstrapUtils - Instantiating CacheAwareContextLoaderDelegate from class [org.springframework.test.context.cache.DefaultCacheAwareContextLoaderDelegate]
10:16:13.984 [main] DEBUG org.springframework.test.context.BootstrapUtils - Instantiating BootstrapContext using constructor [public org.springframework.test.context.support.DefaultBootstrapContext(java.lang.Class,org.springframework.test.context.CacheAwareContextLoaderDelegate)]
10:16:14.232 [main] DEBUG org.springframework.test.context.BootstrapUtils - Instantiating TestContextBootstrapper for test class [com.tacoloco.pricingCalculator.PricingCalculatorServiceTests] from class [org.springframework.boot.test.context.SpringBootTestContextBootstrapper]
10:16:14.304 [main] DEBUG org.springframework.test.context.BootstrapUtils - Instantiating TestContextBootstrapper for test class [com.tacoloco.pricingCalculator.PricingCalculatorRepositoryTests] from class [org.springframework.boot.test.context.SpringBootTestContextBootstrapper]
10:16:14.413 [main] INFO org.springframework.boot.test.context.SpringBootTestContextBootstrapper - Neither @ContextConfiguration nor @ContextHierarchy found for test class [com.tacoloco.pricingCalculator.PricingCalculatorServiceTests], using SpringBootContextLoader
10:16:14.458 [main] DEBUG org.springframework.test.context.support.AbstractContextLoader - Did not detect default resource location for test class [com.tacoloco.pricingCalculator.PricingCalculatorServiceTests]: class path resource [com/tacoloco/pricingCalculator/PricingCalculatorServiceTests-context.xml] does not exist
10:16:14.464 [main] DEBUG org.springframework.test.context.support.AbstractContextLoader - Did not detect default resource location for test class [com.tacoloco.pricingCalculator.PricingCalculatorServiceTests]: class path resource [com/tacoloco/pricingCalculator/PricingCalculatorServiceTestsContext.groovy] does not exist
10:16:14.457 [main] INFO org.springframework.boot.test.context.SpringBootTestContextBootstrapper - Neither @ContextConfiguration nor @ContextHierarchy found for test class [com.tacoloco.pricingCalculator.PricingCalculatorRepositoryTests], using SpringBootContextLoader
10:16:14.475 [main] INFO org.springframework.test.context.support.AbstractContextLoader - Could not detect default resource locations for test class [com.tacoloco.pricingCalculator.PricingCalculatorServiceTests]: no resource found for suffixes {-context.xml, Context.groovy}.
10:16:14.505 [main] DEBUG org.springframework.test.context.support.AbstractContextLoader - Did not detect default resource location for test class [com.tacoloco.pricingCalculator.PricingCalculatorRepositoryTests]: class path resource [com/tacoloco/pricingCalculator/PricingCalculatorRepositoryTests-context.xml] does not exist
10:16:14.506 [main] DEBUG org.springframework.test.context.support.AbstractContextLoader - Did not detect default resource location for test class [com.tacoloco.pricingCalculator.PricingCalculatorRepositoryTests]: class path resource [com/tacoloco/pricingCalculator/PricingCalculatorRepositoryTestsContext.groovy] does not exist
10:16:14.519 [main] INFO org.springframework.test.context.support.AbstractContextLoader - Could not detect default resource locations for test class [com.tacoloco.pricingCalculator.PricingCalculatorRepositoryTests]: no resource found for suffixes {-context.xml, Context.groovy}.
10:16:14.912 [main] DEBUG org.springframework.test.context.support.ActiveProfilesUtils - Could not find an 'annotation declaring class' for annotation type [org.springframework.test.context.ActiveProfiles] and class [com.tacoloco.pricingCalculator.PricingCalculatorServiceTests]
10:16:14.939 [main] DEBUG org.springframework.test.context.support.ActiveProfilesUtils - Could not find an 'annotation declaring class' for annotation type [org.springframework.test.context.ActiveProfiles] and class [com.tacoloco.pricingCalculator.PricingCalculatorRepositoryTests]
10:16:15.980 [main] DEBUG org.springframework.boot.test.context.SpringBootTestContextBootstrapper - @TestExecutionListeners is not present for class [com.tacoloco.pricingCalculator.PricingCalculatorRepositoryTests]: using defaults.
10:16:15.999 [main] INFO org.springframework.boot.test.context.SpringBootTestContextBootstrapper - Loaded default TestExecutionListener class names from location [META-INF/spring.factories]: [org.springframework.security.test.context.support.WithSecurityContextTestExecutionListener, org.springframework.security.test.context.support.ReactorContextTestExecutionListener, org.springframework.test.context.web.ServletTestExecutionListener, org.springframework.test.context.support.DirtiesContextBeforeModesTestExecutionListener, org.springframework.test.context.support.DependencyInjectionTestExecutionListener, org.springframework.test.context.support.DirtiesContextTestExecutionListener, org.springframework.test.context.transaction.TransactionalTestExecutionListener, org.springframework.test.context.jdbc.SqlScriptsTestExecutionListener, org.springframework.test.context.event.EventPublishingTestExecutionListener, org.springframework.boot.test.mock.mockito.MockitoTestExecutionListener, org.springframework.boot.test.mock.mockito.ResetMocksTestExecutionListener, org.springframework.boot.test.autoconfigure.restdocs.RestDocsTestExecutionListener, org.springframework.boot.test.autoconfigure.web.client.MockRestServiceServerResetTestExecutionListener, org.springframework.boot.test.autoconfigure.web.servlet.MockMvcPrintOnlyOnFailureTestExecutionListener, org.springframework.boot.test.autoconfigure.web.servlet.WebDriverTestExecutionListener]
10:16:16.040 [main] DEBUG org.springframework.boot.test.context.SpringBootTestContextBootstrapper - @TestExecutionListeners is not present for class [com.tacoloco.pricingCalculator.PricingCalculatorServiceTests]: using defaults.
10:16:16.047 [main] INFO org.springframework.boot.test.context.SpringBootTestContextBootstrapper - Loaded default TestExecutionListener class names from location [META-INF/spring.factories]: [org.springframework.security.test.context.support.WithSecurityContextTestExecutionListener, org.springframework.security.test.context.support.ReactorContextTestExecutionListener, org.springframework.test.context.web.ServletTestExecutionListener, org.springframework.test.context.support.DirtiesContextBeforeModesTestExecutionListener, org.springframework.test.context.support.DependencyInjectionTestExecutionListener, org.springframework.test.context.support.DirtiesContextTestExecutionListener, org.springframework.test.context.transaction.TransactionalTestExecutionListener, org.springframework.test.context.jdbc.SqlScriptsTestExecutionListener, org.springframework.test.context.event.EventPublishingTestExecutionListener, org.springframework.boot.test.mock.mockito.MockitoTestExecutionListener, org.springframework.boot.test.mock.mockito.ResetMocksTestExecutionListener, org.springframework.boot.test.autoconfigure.restdocs.RestDocsTestExecutionListener, org.springframework.boot.test.autoconfigure.web.client.MockRestServiceServerResetTestExecutionListener, org.springframework.boot.test.autoconfigure.web.servlet.MockMvcPrintOnlyOnFailureTestExecutionListener, org.springframework.boot.test.autoconfigure.web.servlet.WebDriverTestExecutionListener]
10:16:16.213 [main] INFO org.springframework.boot.test.context.SpringBootTestContextBootstrapper - Using TestExecutionListeners: [org.springframework.test.context.web.ServletTestExecutionListener@659499f1, org.springframework.test.context.support.DirtiesContextBeforeModesTestExecutionListener@51e69659, org.springframework.boot.test.mock.mockito.MockitoTestExecutionListener@47e2e487, org.springframework.boot.test.autoconfigure.SpringBootDependencyInjectionTestExecutionListener@201a4587, org.springframework.test.context.support.DirtiesContextTestExecutionListener@61001b64, org.springframework.test.context.transaction.TransactionalTestExecutionListener@4310d43, org.springframework.test.context.jdbc.SqlScriptsTestExecutionListener@54a7079e, org.springframework.security.test.context.support.WithSecurityContextTestExecutionListener@26e356f0, org.springframework.test.context.event.EventPublishingTestExecutionListener@47d9a273, org.springframework.security.test.context.support.ReactorContextTestExecutionListener@4b8ee4de, org.springframework.boot.test.mock.mockito.ResetMocksTestExecutionListener@27f981c6, org.springframework.boot.test.autoconfigure.restdocs.RestDocsTestExecutionListener@1b11171f, org.springframework.boot.test.autoconfigure.web.client.MockRestServiceServerResetTestExecutionListener@1151e434, org.springframework.boot.test.autoconfigure.web.servlet.MockMvcPrintOnlyOnFailureTestExecutionListener@2dc54ad4, org.springframework.boot.test.autoconfigure.web.servlet.WebDriverTestExecutionListener@4659191b]
10:16:16.227 [main] INFO org.springframework.boot.test.context.SpringBootTestContextBootstrapper - Using TestExecutionListeners: [org.springframework.test.context.web.ServletTestExecutionListener@82de64a, org.springframework.test.context.support.DirtiesContextBeforeModesTestExecutionListener@659499f1, org.springframework.boot.test.mock.mockito.MockitoTestExecutionListener@51e69659, org.springframework.boot.test.autoconfigure.SpringBootDependencyInjectionTestExecutionListener@47e2e487, org.springframework.test.context.support.DirtiesContextTestExecutionListener@201a4587, org.springframework.test.context.transaction.TransactionalTestExecutionListener@61001b64, org.springframework.test.context.jdbc.SqlScriptsTestExecutionListener@4310d43, org.springframework.security.test.context.support.WithSecurityContextTestExecutionListener@54a7079e, org.springframework.test.context.event.EventPublishingTestExecutionListener@26e356f0, org.springframework.security.test.context.support.ReactorContextTestExecutionListener@47d9a273, org.springframework.boot.test.mock.mockito.ResetMocksTestExecutionListener@4b8ee4de, org.springframework.boot.test.autoconfigure.restdocs.RestDocsTestExecutionListener@27f981c6, org.springframework.boot.test.autoconfigure.web.client.MockRestServiceServerResetTestExecutionListener@1b11171f, org.springframework.boot.test.autoconfigure.web.servlet.MockMvcPrintOnlyOnFailureTestExecutionListener@1151e434, org.springframework.boot.test.autoconfigure.web.servlet.WebDriverTestExecutionListener@2dc54ad4]
10:16:16.246 [main] DEBUG org.springframework.test.context.support.AbstractDirtiesContextTestExecutionListener - Before test class: context [DefaultTestContext@53aac487 testClass = PricingCalculatorServiceTests, testInstance = [null], testMethod = [null], testException = [null], mergedContextConfiguration = [WebMergedContextConfiguration@52b1beb6 testClass = PricingCalculatorServiceTests, locations = '{}', classes = '{class com.tacoloco.TestConfiguration, class com.tacoloco.TestConfiguration}', contextInitializerClasses = '[]', activeProfiles = '{}', propertySourceLocations = '{}', propertySourceProperties = '{org.springframework.boot.test.context.SpringBootTestContextBootstrapper=true}', contextCustomizers = set[org.springframework.boot.test.context.filter.ExcludeFilterContextCustomizer@f5ac9e4, org.springframework.boot.test.json.DuplicateJsonObjectContextCustomizerFactory$DuplicateJsonObjectContextCustomizer@384ad17b, org.springframework.boot.test.mock.mockito.MockitoContextCustomizer@61ad4494, org.springframework.boot.test.web.client.TestRestTemplateContextCustomizer@12468a38, org.springframework.boot.test.autoconfigure.properties.PropertyMappingContextCustomizer@0, org.springframework.boot.test.autoconfigure.web.servlet.WebDriverContextCustomizerFactory$Customizer@49ec71f8], resourceBasePath = 'src/main/webapp', contextLoader = 'org.springframework.boot.test.context.SpringBootContextLoader', parent = [null]], attributes = map['org.springframework.test.context.web.ServletTestExecutionListener.activateListener' -> true]], class annotated with @DirtiesContext [false] with mode [null].
10:16:16.262 [main] DEBUG org.springframework.test.context.support.AbstractDirtiesContextTestExecutionListener - Before test class: context [DefaultTestContext@54e1c68b testClass = PricingCalculatorRepositoryTests, testInstance = [null], testMethod = [null], testException = [null], mergedContextConfiguration = [WebMergedContextConfiguration@53aac487 testClass = PricingCalculatorRepositoryTests, locations = '{}', classes = '{class com.tacoloco.TestConfiguration, class com.tacoloco.TestConfiguration}', contextInitializerClasses = '[]', activeProfiles = '{}', propertySourceLocations = '{}', propertySourceProperties = '{org.springframework.boot.test.context.SpringBootTestContextBootstrapper=true}', contextCustomizers = set[org.springframework.boot.test.context.filter.ExcludeFilterContextCustomizer@323b36e0, org.springframework.boot.test.json.DuplicateJsonObjectContextCustomizerFactory$DuplicateJsonObjectContextCustomizer@2e005c4b, org.springframework.boot.test.mock.mockito.MockitoContextCustomizer@0, org.springframework.boot.test.web.client.TestRestTemplateContextCustomizer@52bf72b5, org.springframework.boot.test.autoconfigure.properties.PropertyMappingContextCustomizer@0, org.springframework.boot.test.autoconfigure.web.servlet.WebDriverContextCustomizerFactory$Customizer@74fe5c40], resourceBasePath = 'src/main/webapp', contextLoader = 'org.springframework.boot.test.context.SpringBootContextLoader', parent = [null]], attributes = map['org.springframework.test.context.web.ServletTestExecutionListener.activateListener' -> true]], class annotated with @DirtiesContext [false] with mode [null].
10:16:16.598 [main] DEBUG org.springframework.test.context.support.TestPropertySourceUtils - Adding inlined properties to environment: {spring.jmx.enabled=false, org.springframework.boot.test.context.SpringBootTestContextBootstrapper=true, server.port=-1}
10:16:16.641 [main] DEBUG org.springframework.test.context.support.TestPropertySourceUtils - Adding inlined properties to environment: {spring.jmx.enabled=false, org.springframework.boot.test.context.SpringBootTestContextBootstrapper=true, server.port=-1}

  .   ____          _            __ _ _
 /\\ / ___'_ __ _ _(_)_ __  __ _ \ \ \ \
( ( )\___ | '_ | '_| | '_ \/ _` | \ \ \ \
 \\/  ___)| |_)| | | | | || (_| |  ) ) ) )
  '  |____| .__|_| |_|_| |_\__, | / / / /
 =========|_|==============|___/=/_/_/_/

 :: Spring Boot ::        (v2.2.5.RELEASE)

  .   ____          _            __ _ _
 /\\ / ___'_ __ _ _(_)_ __  __ _ \ \ \ \
( ( )\___ | '_ | '_| | '_ \/ _` | \ \ \ \
 \\/  ___)| |_)| | | | | || (_| |  ) ) ) )
  '  |____| .__|_| |_|_| |_\__, | / / / /
 =========|_|==============|___/=/_/_/_/
 :: Spring Boot ::        (v2.2.5.RELEASE)

2020-09-07 10:16:20.100  INFO 32615 --- [           main] c.t.p.PricingCalculatorServiceTests      : Starting PricingCalculatorServiceTests on localhost with PID 32615 (started by dothewu in /home/dothewu/Downloads/Testing/taco-loco)
2020-09-07 10:16:20.112  INFO 32615 --- [           main] c.t.p.PricingCalculatorServiceTests      : No active profile set, falling back to default profiles: default
2020-09-07 10:16:20.192  INFO 32616 --- [           main] c.t.p.PricingCalculatorRepositoryTests   : Starting PricingCalculatorRepositoryTests on localhost with PID 32616 (started by dothewu in /home/dothewu/Downloads/Testing/taco-loco)
2020-09-07 10:16:20.235  INFO 32616 --- [           main] c.t.p.PricingCalculatorRepositoryTests   : No active profile set, falling back to default profiles: default
2020-09-07 10:16:32.736  INFO 32615 --- [           main] .s.d.r.c.RepositoryConfigurationDelegate : Multiple Spring Data modules found, entering strict repository configuration mode!
2020-09-07 10:16:32.763  INFO 32615 --- [           main] .s.d.r.c.RepositoryConfigurationDelegate : Bootstrapping Spring Data JDBC repositories in DEFAULT mode.
2020-09-07 10:16:32.972  INFO 32616 --- [           main] .s.d.r.c.RepositoryConfigurationDelegate : Multiple Spring Data modules found, entering strict repository configuration mode!
2020-09-07 10:16:33.010  INFO 32616 --- [           main] .s.d.r.c.RepositoryConfigurationDelegate : Bootstrapping Spring Data JDBC repositories in DEFAULT mode.
2020-09-07 10:16:33.305  INFO 32615 --- [           main] .RepositoryConfigurationExtensionSupport : Spring Data JDBC - Could not safely identify store assignment for repository candidate interface com.tacoloco.dao.SessionDao. If you want this repository to be a JDBC repository, consider annotating your entities with one of these annotations: org.springframework.data.relational.core.mapping.Table.
2020-09-07 10:16:33.313  INFO 32615 --- [           main] .RepositoryConfigurationExtensionSupport : Spring Data JDBC - Could not safely identify store assignment for repository candidate interface com.tacoloco.dao.UserDao. If you want this repository to be a JDBC repository, consider annotating your entities with one of these annotations: org.springframework.data.relational.core.mapping.Table.
2020-09-07 10:16:33.324  INFO 32615 --- [           main] .s.d.r.c.RepositoryConfigurationDelegate : Finished Spring Data repository scanning in 498ms. Found 0 JDBC repository interfaces.
2020-09-07 10:16:33.476  INFO 32615 --- [           main] .s.d.r.c.RepositoryConfigurationDelegate : Multiple Spring Data modules found, entering strict repository configuration mode!
2020-09-07 10:16:33.482  INFO 32615 --- [           main] .s.d.r.c.RepositoryConfigurationDelegate : Bootstrapping Spring Data JPA repositories in DEFAULT mode.
2020-09-07 10:16:33.534  INFO 32616 --- [           main] .RepositoryConfigurationExtensionSupport : Spring Data JDBC - Could not safely identify store assignment for repository candidate interface com.tacoloco.dao.SessionDao. If you want this repository to be a JDBC repository, consider annotating your entities with one of these annotations: org.springframework.data.relational.core.mapping.Table.
2020-09-07 10:16:33.561  INFO 32616 --- [           main] .RepositoryConfigurationExtensionSupport : Spring Data JDBC - Could not safely identify store assignment for repository candidate interface com.tacoloco.dao.UserDao. If you want this repository to be a JDBC repository, consider annotating your entities with one of these annotations: org.springframework.data.relational.core.mapping.Table.
2020-09-07 10:16:33.570  INFO 32616 --- [           main] .s.d.r.c.RepositoryConfigurationDelegate : Finished Spring Data repository scanning in 505ms. Found 0 JDBC repository interfaces.
2020-09-07 10:16:33.689  INFO 32616 --- [           main] .s.d.r.c.RepositoryConfigurationDelegate : Multiple Spring Data modules found, entering strict repository configuration mode!
2020-09-07 10:16:33.728  INFO 32616 --- [           main] .s.d.r.c.RepositoryConfigurationDelegate : Bootstrapping Spring Data JPA repositories in DEFAULT mode.
2020-09-07 10:16:33.924  INFO 32615 --- [           main] .s.d.r.c.RepositoryConfigurationDelegate : Finished Spring Data repository scanning in 399ms. Found 2 JPA repository interfaces.
2020-09-07 10:16:34.300  INFO 32616 --- [           main] .s.d.r.c.RepositoryConfigurationDelegate : Finished Spring Data repository scanning in 486ms. Found 2 JPA repository interfaces.
2020-09-07 10:16:41.867  INFO 32616 --- [           main] trationDelegate$BeanPostProcessorChecker : Bean 'org.springframework.security.config.annotation.configuration.ObjectPostProcessorConfiguration' of type [org.springframework.security.config.annotation.configuration.ObjectPostProcessorConfiguration] is not eligible for getting processed by all BeanPostProcessors (for example: not eligible for auto-proxying)
2020-09-07 10:16:41.972  INFO 32616 --- [           main] trationDelegate$BeanPostProcessorChecker : Bean 'objectPostProcessor' of type [org.springframework.security.config.annotation.configuration.AutowireBeanFactoryObjectPostProcessor] is not eligible for getting processed by all BeanPostProcessors (for example: not eligible for auto-proxying)
2020-09-07 10:16:42.017  INFO 32616 --- [           main] trationDelegate$BeanPostProcessorChecker : Bean 'org.springframework.security.access.expression.method.DefaultMethodSecurityExpressionHandler@27d33393' of type [org.springframework.security.access.expression.method.DefaultMethodSecurityExpressionHandler] is not eligible for getting processed by all BeanPostProcessors (for example: not eligible for auto-proxying)
2020-09-07 10:16:42.152  INFO 32616 --- [           main] trationDelegate$BeanPostProcessorChecker : Bean 'org.springframework.security.config.annotation.method.configuration.GlobalMethodSecurityConfiguration' of type [org.springframework.security.config.annotation.method.configuration.GlobalMethodSecurityConfiguration] is not eligible for getting processed by all BeanPostProcessors (for example: not eligible for auto-proxying)
2020-09-07 10:16:42.233  INFO 32616 --- [           main] trationDelegate$BeanPostProcessorChecker : Bean 'methodSecurityMetadataSource' of type [org.springframework.security.access.method.DelegatingMethodSecurityMetadataSource] is not eligible for getting processed by all BeanPostProcessors (for example: not eligible for auto-proxying)
2020-09-07 10:16:45.559  INFO 32616 --- [           main] com.zaxxer.hikari.HikariDataSource       : HikariPool-1 - Starting...
2020-09-07 10:16:47.981  INFO 32616 --- [           main] com.zaxxer.hikari.HikariDataSource       : HikariPool-1 - Start completed.
2020-09-07 10:16:48.677  INFO 32615 --- [           main] trationDelegate$BeanPostProcessorChecker : Bean 'org.springframework.security.config.annotation.configuration.ObjectPostProcessorConfiguration' of type [org.springframework.security.config.annotation.configuration.ObjectPostProcessorConfiguration] is not eligible for getting processed by all BeanPostProcessors (for example: not eligible for auto-proxying)
2020-09-07 10:16:48.746  INFO 32615 --- [           main] trationDelegate$BeanPostProcessorChecker : Bean 'objectPostProcessor' of type [org.springframework.security.config.annotation.configuration.AutowireBeanFactoryObjectPostProcessor] is not eligible for getting processed by all BeanPostProcessors (for example: not eligible for auto-proxying)
2020-09-07 10:16:48.766  INFO 32615 --- [           main] trationDelegate$BeanPostProcessorChecker : Bean 'org.springframework.security.access.expression.method.DefaultMethodSecurityExpressionHandler@399ca607' of type [org.springframework.security.access.expression.method.DefaultMethodSecurityExpressionHandler] is not eligible for getting processed by all BeanPostProcessors (for example: not eligible for auto-proxying)
2020-09-07 10:16:48.868  INFO 32616 --- [           main] o.hibernate.jpa.internal.util.LogHelper  : HHH000204: Processing PersistenceUnitInfo [name: default]
2020-09-07 10:16:48.888  INFO 32615 --- [           main] trationDelegate$BeanPostProcessorChecker : Bean 'org.springframework.security.config.annotation.method.configuration.GlobalMethodSecurityConfiguration' of type [org.springframework.security.config.annotation.method.configuration.GlobalMethodSecurityConfiguration] is not eligible for getting processed by all BeanPostProcessors (for example: not eligible for auto-proxying)
2020-09-07 10:16:49.012  INFO 32615 --- [           main] trationDelegate$BeanPostProcessorChecker : Bean 'methodSecurityMetadataSource' of type [org.springframework.security.access.method.DelegatingMethodSecurityMetadataSource] is not eligible for getting processed by all BeanPostProcessors (for example: not eligible for auto-proxying)
2020-09-07 10:16:50.182  INFO 32616 --- [           main] org.hibernate.Version                    : HHH000412: Hibernate ORM core version 5.4.12.Final
2020-09-07 10:16:52.169  INFO 32615 --- [           main] com.zaxxer.hikari.HikariDataSource       : HikariPool-1 - Starting...
2020-09-07 10:16:53.059  INFO 32616 --- [           main] o.hibernate.annotations.common.Version   : HCANN000001: Hibernate Commons Annotations {5.1.0.Final}
2020-09-07 10:16:54.856  INFO 32616 --- [           main] org.hibernate.dialect.Dialect            : HHH000400: Using dialect: org.hibernate.dialect.H2Dialect
2020-09-07 10:16:54.995  INFO 32615 --- [           main] com.zaxxer.hikari.HikariDataSource       : HikariPool-1 - Start completed.
2020-09-07 10:16:55.979  INFO 32615 --- [           main] o.hibernate.jpa.internal.util.LogHelper  : HHH000204: Processing PersistenceUnitInfo [name: default]
2020-09-07 10:16:56.970  INFO 32615 --- [           main] org.hibernate.Version                    : HHH000412: Hibernate ORM core version 5.4.12.Final
2020-09-07 10:16:57.610  INFO 32615 --- [           main] o.hibernate.annotations.common.Version   : HCANN000001: Hibernate Commons Annotations {5.1.0.Final}
2020-09-07 10:16:59.432  INFO 32615 --- [           main] org.hibernate.dialect.Dialect            : HHH000400: Using dialect: org.hibernate.dialect.H2Dialect
2020-09-07 10:17:10.280  INFO 32616 --- [           main] o.h.e.t.j.p.i.JtaPlatformInitiator       : HHH000490: Using JtaPlatform implementation: [org.hibernate.engine.transaction.jta.platform.internal.NoJtaPlatform]
2020-09-07 10:17:10.634  INFO 32616 --- [           main] j.LocalContainerEntityManagerFactoryBean : Initialized JPA EntityManagerFactory for persistence unit 'default'
2020-09-07 10:17:13.676  INFO 32615 --- [           main] o.h.e.t.j.p.i.JtaPlatformInitiator       : HHH000490: Using JtaPlatform implementation: [org.hibernate.engine.transaction.jta.platform.internal.NoJtaPlatform]
2020-09-07 10:17:13.890  INFO 32615 --- [           main] j.LocalContainerEntityManagerFactoryBean : Initialized JPA EntityManagerFactory for persistence unit 'default'
2020-09-07 10:17:16.354  WARN 32616 --- [           main] JpaBaseConfiguration$JpaWebConfiguration : spring.jpa.open-in-view is enabled by default. Therefore, database queries may be performed during view rendering. Explicitly configure spring.jpa.open-in-view to disable this warning
2020-09-07 10:17:18.359  WARN 32615 --- [           main] JpaBaseConfiguration$JpaWebConfiguration : spring.jpa.open-in-view is enabled by default. Therefore, database queries may be performed during view rendering. Explicitly configure spring.jpa.open-in-view to disable this warning
2020-09-07 10:17:31.006  INFO 32615 --- [           main] o.s.s.web.DefaultSecurityFilterChain     : Creating filter chain: any request, [org.springframework.security.web.context.request.async.WebAsyncManagerIntegrationFilter@2f166d61, org.springframework.security.web.context.SecurityContextPersistenceFilter@2b9ecd05, org.springframework.security.web.header.HeaderWriterFilter@290807e5, org.springframework.security.web.authentication.logout.LogoutFilter@684b26b7, com.tacoloco.config.JwtRequestFilter@5abbb273, org.springframework.security.web.savedrequest.RequestCacheAwareFilter@3ec7ad61, org.springframework.security.web.servletapi.SecurityContextHolderAwareRequestFilter@340fc1aa, org.springframework.security.web.authentication.AnonymousAuthenticationFilter@5896b9f5, org.springframework.security.web.session.SessionManagementFilter@56499781, org.springframework.security.web.access.ExceptionTranslationFilter@6785df10, org.springframework.security.web.access.intercept.FilterSecurityInterceptor@24068086]
2020-09-07 10:17:31.960  INFO 32615 --- [           main] o.s.s.web.DefaultSecurityFilterChain     : Creating filter chain: any request, [org.springframework.security.web.context.request.async.WebAsyncManagerIntegrationFilter@73234691, org.springframework.security.web.context.SecurityContextPersistenceFilter@37364634, org.springframework.security.web.header.HeaderWriterFilter@33eab2e8, org.springframework.security.web.csrf.CsrfFilter@3dd750ba, org.springframework.security.web.authentication.logout.LogoutFilter@2c154508, org.springframework.security.web.authentication.UsernamePasswordAuthenticationFilter@8b1202a, org.springframework.security.web.authentication.ui.DefaultLoginPageGeneratingFilter@14b26e90, org.springframework.security.web.authentication.ui.DefaultLogoutPageGeneratingFilter@25df2014, org.springframework.security.web.authentication.www.BasicAuthenticationFilter@b6136eb, org.springframework.security.web.savedrequest.RequestCacheAwareFilter@3dec79f8, org.springframework.security.web.servletapi.SecurityContextHolderAwareRequestFilter@5bf7f15f, org.springframework.security.web.authentication.AnonymousAuthenticationFilter@270b8c2a, org.springframework.security.web.session.SessionManagementFilter@34bf66af, org.springframework.security.web.access.ExceptionTranslationFilter@7d5ef1c3, org.springframework.security.web.access.intercept.FilterSecurityInterceptor@103e7c7c]
2020-09-07 10:17:36.613  INFO 32616 --- [           main] o.s.s.web.DefaultSecurityFilterChain     : Creating filter chain: any request, [org.springframework.security.web.context.request.async.WebAsyncManagerIntegrationFilter@452ec287, org.springframework.security.web.context.SecurityContextPersistenceFilter@52eca410, org.springframework.security.web.header.HeaderWriterFilter@450d10cb, org.springframework.security.web.authentication.logout.LogoutFilter@77d54a41, com.tacoloco.config.JwtRequestFilter@644947ee, org.springframework.security.web.savedrequest.RequestCacheAwareFilter@69a76b74, org.springframework.security.web.servletapi.SecurityContextHolderAwareRequestFilter@7ef60c02, org.springframework.security.web.authentication.AnonymousAuthenticationFilter@41404aa2, org.springframework.security.web.session.SessionManagementFilter@6a9df5, org.springframework.security.web.access.ExceptionTranslationFilter@1169fdfd, org.springframework.security.web.access.intercept.FilterSecurityInterceptor@60e67c06]
2020-09-07 10:17:38.298  INFO 32616 --- [           main] o.s.s.web.DefaultSecurityFilterChain     : Creating filter chain: any request, [org.springframework.security.web.context.request.async.WebAsyncManagerIntegrationFilter@c2e33, org.springframework.security.web.context.SecurityContextPersistenceFilter@14b48f39, org.springframework.security.web.header.HeaderWriterFilter@93fb44, org.springframework.security.web.csrf.CsrfFilter@31b650e9, org.springframework.security.web.authentication.logout.LogoutFilter@6e4e60f5, org.springframework.security.web.authentication.UsernamePasswordAuthenticationFilter@28e91f6d, org.springframework.security.web.authentication.ui.DefaultLoginPageGeneratingFilter@1bea7b0, org.springframework.security.web.authentication.ui.DefaultLogoutPageGeneratingFilter@31183ee2, org.springframework.security.web.authentication.www.BasicAuthenticationFilter@7805478c, org.springframework.security.web.savedrequest.RequestCacheAwareFilter@13d1f898, org.springframework.security.web.servletapi.SecurityContextHolderAwareRequestFilter@c87787d, org.springframework.security.web.authentication.AnonymousAuthenticationFilter@63f3366a, org.springframework.security.web.session.SessionManagementFilter@321c2a7, org.springframework.security.web.access.ExceptionTranslationFilter@5b5b8730, org.springframework.security.web.access.intercept.FilterSecurityInterceptor@72ceafeb]
2020-09-07 10:17:39.417  INFO 32615 --- [           main] o.s.s.concurrent.ThreadPoolTaskExecutor  : Initializing ExecutorService 'applicationTaskExecutor'
2020-09-07 10:17:44.821  INFO 32616 --- [           main] o.s.s.concurrent.ThreadPoolTaskExecutor  : Initializing ExecutorService 'applicationTaskExecutor'
2020-09-07 10:18:07.934  INFO 32615 --- [           main] c.t.p.PricingCalculatorServiceTests      : Started PricingCalculatorServiceTests in 111.238 seconds (JVM running for 125.501)
[INFO] Tests run: 14, Failures: 0, Errors: 0, Skipped: 0, Time elapsed: 119.142 s - in com.tacoloco.pricingCalculator.PricingCalculatorServiceTests
2020-09-07 10:18:12.907  INFO 32616 --- [           main] c.t.p.PricingCalculatorRepositoryTests   : Started PricingCalculatorRepositoryTests in 116.166 seconds (JVM running for 130.474)
2020-09-07 10:18:12.985  INFO 32615 --- [extShutdownHook] o.s.s.concurrent.ThreadPoolTaskExecutor  : Shutting down ExecutorService 'applicationTaskExecutor'
2020-09-07 10:18:13.009  INFO 32615 --- [extShutdownHook] j.LocalContainerEntityManagerFactoryBean : Closing JPA EntityManagerFactory for persistence unit 'default'
2020-09-07 10:18:13.030  INFO 32615 --- [extShutdownHook] .SchemaDropperImpl$DelayedDropActionImpl : HHH000477: Starting delayed evictData of schema as part of SessionFactory shut-down'
2020-09-07 10:18:13.197  INFO 32615 --- [extShutdownHook] com.zaxxer.hikari.HikariDataSource       : HikariPool-1 - Shutdown initiated...
2020-09-07 10:18:13.263  INFO 32615 --- [extShutdownHook] com.zaxxer.hikari.HikariDataSource       : HikariPool-1 - Shutdown completed.
2020-09-07 10:18:14.263  INFO 32616 --- [           main] c.t.p.PricingCalculatorRepositoryTests   : Creating tables
[INFO] Tests run: 1, Failures: 0, Errors: 0, Skipped: 0, Time elapsed: 121.109 s - in com.tacoloco.pricingCalculator.PricingCalculatorRepositoryTests
[INFO] Running com.tacoloco.pricingCalculator.PricingCalculatorControllerTests
2020-09-07 10:18:14.533  INFO 32616 --- [           main] .b.t.c.SpringBootTestContextBootstrapper : Neither @ContextConfiguration nor @ContextHierarchy found for test class [com.tacoloco.pricingCalculator.PricingCalculatorControllerTests], using SpringBootContextLoader
2020-09-07 10:18:14.542  INFO 32616 --- [           main] o.s.t.c.support.AbstractContextLoader    : Could not detect default resource locations for test class [com.tacoloco.pricingCalculator.PricingCalculatorControllerTests]: no resource found for suffixes {-context.xml, Context.groovy}.
2020-09-07 10:18:14.628  INFO 32616 --- [           main] .b.t.c.SpringBootTestContextBootstrapper : Loaded default TestExecutionListener class names from location [META-INF/spring.factories]: [org.springframework.security.test.context.support.WithSecurityContextTestExecutionListener, org.springframework.security.test.context.support.ReactorContextTestExecutionListener, org.springframework.test.context.web.ServletTestExecutionListener, org.springframework.test.context.support.DirtiesContextBeforeModesTestExecutionListener, org.springframework.test.context.support.DependencyInjectionTestExecutionListener, org.springframework.test.context.support.DirtiesContextTestExecutionListener, org.springframework.test.context.transaction.TransactionalTestExecutionListener, org.springframework.test.context.jdbc.SqlScriptsTestExecutionListener, org.springframework.test.context.event.EventPublishingTestExecutionListener, org.springframework.boot.test.mock.mockito.MockitoTestExecutionListener, org.springframework.boot.test.mock.mockito.ResetMocksTestExecutionListener, org.springframework.boot.test.autoconfigure.restdocs.RestDocsTestExecutionListener, org.springframework.boot.test.autoconfigure.web.client.MockRestServiceServerResetTestExecutionListener, org.springframework.boot.test.autoconfigure.web.servlet.MockMvcPrintOnlyOnFailureTestExecutionListener, org.springframework.boot.test.autoconfigure.web.servlet.WebDriverTestExecutionListener]
2020-09-07 10:18:14.636  INFO 32616 --- [           main] .b.t.c.SpringBootTestContextBootstrapper : Using TestExecutionListeners: [org.springframework.test.context.web.ServletTestExecutionListener@49741274, org.springframework.test.context.support.DirtiesContextBeforeModesTestExecutionListener@4a49919c, org.springframework.boot.test.mock.mockito.MockitoTestExecutionListener@3e5b2630, org.springframework.boot.test.autoconfigure.SpringBootDependencyInjectionTestExecutionListener@1c22642d, org.springframework.test.context.support.DirtiesContextTestExecutionListener@75ac326f, org.springframework.test.context.transaction.TransactionalTestExecutionListener@736f8837, org.springframework.test.context.jdbc.SqlScriptsTestExecutionListener@14624acc, org.springframework.security.test.context.support.WithSecurityContextTestExecutionListener@1b6e4761, org.springframework.test.context.event.EventPublishingTestExecutionListener@f453129, org.springframework.security.test.context.support.ReactorContextTestExecutionListener@642ec6, org.springframework.boot.test.mock.mockito.ResetMocksTestExecutionListener@656302c, org.springframework.boot.test.autoconfigure.restdocs.RestDocsTestExecutionListener@6f6a2ac8, org.springframework.boot.test.autoconfigure.web.client.MockRestServiceServerResetTestExecutionListener@49809275, org.springframework.boot.test.autoconfigure.web.servlet.MockMvcPrintOnlyOnFailureTestExecutionListener@68b3979d, org.springframework.boot.test.autoconfigure.web.servlet.WebDriverTestExecutionListener@5fd31df7]

  .   ____          _            __ _ _
 /\\ / ___'_ __ _ _(_)_ __  __ _ \ \ \ \
( ( )\___ | '_ | '_| | '_ \/ _` | \ \ \ \
 \\/  ___)| |_)| | | | | || (_| |  ) ) ) )
  '  |____| .__|_| |_|_| |_\__, | / / / /
 =========|_|==============|___/=/_/_/_/
 :: Spring Boot ::        (v2.2.5.RELEASE)

2020-09-07 10:18:14.798  INFO 32616 --- [           main] c.t.p.PricingCalculatorControllerTests   : Starting PricingCalculatorControllerTests on localhost with PID 32616 (started by dothewu in /home/dothewu/Downloads/Testing/taco-loco)
2020-09-07 10:18:14.803  INFO 32616 --- [           main] c.t.p.PricingCalculatorControllerTests   : The following profiles are active: test
2020-09-07 10:18:16.750  INFO 32616 --- [           main] .s.d.r.c.RepositoryConfigurationDelegate : Multiple Spring Data modules found, entering strict repository configuration mode!
2020-09-07 10:18:16.751  INFO 32616 --- [           main] .s.d.r.c.RepositoryConfigurationDelegate : Bootstrapping Spring Data JDBC repositories in DEFAULT mode.
2020-09-07 10:18:16.801  INFO 32616 --- [           main] .RepositoryConfigurationExtensionSupport : Spring Data JDBC - Could not safely identify store assignment for repository candidate interface com.tacoloco.dao.SessionDao. If you want this repository to be a JDBC repository, consider annotating your entities with one of these annotations: org.springframework.data.relational.core.mapping.Table.
2020-09-07 10:18:16.803  INFO 32616 --- [           main] .RepositoryConfigurationExtensionSupport : Spring Data JDBC - Could not safely identify store assignment for repository candidate interface com.tacoloco.dao.UserDao. If you want this repository to be a JDBC repository, consider annotating your entities with one of these annotations: org.springframework.data.relational.core.mapping.Table.
2020-09-07 10:18:16.804  INFO 32616 --- [           main] .s.d.r.c.RepositoryConfigurationDelegate : Finished Spring Data repository scanning in 45ms. Found 0 JDBC repository interfaces.
2020-09-07 10:18:16.823  INFO 32616 --- [           main] .s.d.r.c.RepositoryConfigurationDelegate : Multiple Spring Data modules found, entering strict repository configuration mode!
2020-09-07 10:18:16.824  INFO 32616 --- [           main] .s.d.r.c.RepositoryConfigurationDelegate : Bootstrapping Spring Data JPA repositories in DEFAULT mode.
2020-09-07 10:18:16.868  INFO 32616 --- [           main] .s.d.r.c.RepositoryConfigurationDelegate : Finished Spring Data repository scanning in 42ms. Found 2 JPA repository interfaces.
2020-09-07 10:18:18.243  INFO 32616 --- [           main] trationDelegate$BeanPostProcessorChecker : Bean 'org.springframework.security.config.annotation.configuration.ObjectPostProcessorConfiguration' of type [org.springframework.security.config.annotation.configuration.ObjectPostProcessorConfiguration] is not eligible for getting processed by all BeanPostProcessors (for example: not eligible for auto-proxying)
2020-09-07 10:18:18.258  INFO 32616 --- [           main] trationDelegate$BeanPostProcessorChecker : Bean 'objectPostProcessor' of type [org.springframework.security.config.annotation.configuration.AutowireBeanFactoryObjectPostProcessor] is not eligible for getting processed by all BeanPostProcessors (for example: not eligible for auto-proxying)
2020-09-07 10:18:18.262  INFO 32616 --- [           main] trationDelegate$BeanPostProcessorChecker : Bean 'org.springframework.security.access.expression.method.DefaultMethodSecurityExpressionHandler@3ffe74da' of type [org.springframework.security.access.expression.method.DefaultMethodSecurityExpressionHandler] is not eligible for getting processed by all BeanPostProcessors (for example: not eligible for auto-proxying)
2020-09-07 10:18:18.298  INFO 32616 --- [           main] trationDelegate$BeanPostProcessorChecker : Bean 'org.springframework.security.config.annotation.method.configuration.GlobalMethodSecurityConfiguration' of type [org.springframework.security.config.annotation.method.configuration.GlobalMethodSecurityConfiguration] is not eligible for getting processed by all BeanPostProcessors (for example: not eligible for auto-proxying)
2020-09-07 10:18:18.313  INFO 32616 --- [           main] trationDelegate$BeanPostProcessorChecker : Bean 'methodSecurityMetadataSource' of type [org.springframework.security.access.method.DelegatingMethodSecurityMetadataSource] is not eligible for getting processed by all BeanPostProcessors (for example: not eligible for auto-proxying)
2020-09-07 10:18:18.647  INFO 32616 --- [           main] com.zaxxer.hikari.HikariDataSource       : HikariPool-2 - Starting...
2020-09-07 10:18:18.658  INFO 32616 --- [           main] com.zaxxer.hikari.HikariDataSource       : HikariPool-2 - Start completed.
2020-09-07 10:18:18.719  INFO 32616 --- [           main] o.hibernate.jpa.internal.util.LogHelper  : HHH000204: Processing PersistenceUnitInfo [name: default]
2020-09-07 10:18:18.753  INFO 32616 --- [           main] org.hibernate.dialect.Dialect            : HHH000400: Using dialect: org.hibernate.dialect.H2Dialect
2020-09-07 10:18:19.125  INFO 32616 --- [           main] o.h.e.t.j.p.i.JtaPlatformInitiator       : HHH000490: Using JtaPlatform implementation: [org.hibernate.engine.transaction.jta.platform.internal.NoJtaPlatform]
2020-09-07 10:18:19.130  INFO 32616 --- [           main] j.LocalContainerEntityManagerFactoryBean : Initialized JPA EntityManagerFactory for persistence unit 'default'
2020-09-07 10:18:19.972  WARN 32616 --- [           main] JpaBaseConfiguration$JpaWebConfiguration : spring.jpa.open-in-view is enabled by default. Therefore, database queries may be performed during view rendering. Explicitly configure spring.jpa.open-in-view to disable this warning
2020-09-07 10:18:22.235  INFO 32616 --- [           main] o.s.s.web.DefaultSecurityFilterChain     : Creating filter chain: any request, [org.springframework.security.web.context.request.async.WebAsyncManagerIntegrationFilter@5bc1903, org.springframework.security.web.context.SecurityContextPersistenceFilter@198524ec, org.springframework.security.web.header.HeaderWriterFilter@27bc2650, org.springframework.security.web.authentication.logout.LogoutFilter@761f1a28, org.springframework.security.web.savedrequest.RequestCacheAwareFilter@5edaa572, org.springframework.security.web.servletapi.SecurityContextHolderAwareRequestFilter@1892865f, org.springframework.security.web.authentication.AnonymousAuthenticationFilter@3cc5408c, org.springframework.security.web.session.SessionManagementFilter@5c40402c, org.springframework.security.web.access.ExceptionTranslationFilter@2ecd2aa4, org.springframework.security.web.access.intercept.FilterSecurityInterceptor@568fd3de]
2020-09-07 10:18:22.395  INFO 32616 --- [           main] o.s.s.web.DefaultSecurityFilterChain     : Creating filter chain: any request, [org.springframework.security.web.context.request.async.WebAsyncManagerIntegrationFilter@43255f91, org.springframework.security.web.context.SecurityContextPersistenceFilter@1360ef8d, org.springframework.security.web.header.HeaderWriterFilter@531292ed, org.springframework.security.web.csrf.CsrfFilter@2da0770, org.springframework.security.web.authentication.logout.LogoutFilter@1bc1aa9e, org.springframework.security.web.authentication.UsernamePasswordAuthenticationFilter@75882ac2, org.springframework.security.web.authentication.ui.DefaultLoginPageGeneratingFilter@5e94947e, org.springframework.security.web.authentication.ui.DefaultLogoutPageGeneratingFilter@408b2ae2, org.springframework.security.web.authentication.www.BasicAuthenticationFilter@48b01607, org.springframework.security.web.savedrequest.RequestCacheAwareFilter@44d2bbc0, org.springframework.security.web.servletapi.SecurityContextHolderAwareRequestFilter@310cc4d, org.springframework.security.web.authentication.AnonymousAuthenticationFilter@74e1d60b, org.springframework.security.web.session.SessionManagementFilter@41538150, org.springframework.security.web.access.ExceptionTranslationFilter@3efd3302, org.springframework.security.web.access.intercept.FilterSecurityInterceptor@586b78d7]
2020-09-07 10:18:23.160  INFO 32616 --- [           main] o.s.s.concurrent.ThreadPoolTaskExecutor  : Initializing ExecutorService 'applicationTaskExecutor'
2020-09-07 10:18:27.831  INFO 32616 --- [           main] o.s.b.t.m.w.SpringBootMockServletContext : Initializing Spring TestDispatcherServlet ''
2020-09-07 10:18:27.831  INFO 32616 --- [           main] o.s.t.web.servlet.TestDispatcherServlet  : Initializing Servlet ''
2020-09-07 10:18:27.879  INFO 32616 --- [           main] o.s.t.web.servlet.TestDispatcherServlet  : Completed initialization in 48 ms
2020-09-07 10:18:27.918  INFO 32616 --- [           main] c.t.p.PricingCalculatorControllerTests   : Started PricingCalculatorControllerTests in 13.258 seconds (JVM running for 145.484)
2020-09-07 10:18:28.057  INFO 32616 --- [           main] com.tacoloco.config.JwtRequestFilter     : RequestURI /allPublicUserDetails
2020-09-07 10:18:28.061  WARN 32616 --- [           main] com.tacoloco.config.JwtRequestFilter     : JWT Token does not begin with Bearer String
2020-09-07 10:18:28.380  INFO 32616 --- [           main] com.tacoloco.config.JwtRequestFilter     : RequestURI /sessionFromUsername/SirSnoopy
2020-09-07 10:18:28.382  WARN 32616 --- [           main] com.tacoloco.config.JwtRequestFilter     : JWT Token does not begin with Bearer String
2020-09-07 10:18:28.441  INFO 32616 --- [           main] com.tacoloco.config.JwtRequestFilter     : RequestURI /total
2020-09-07 10:18:28.445  WARN 32616 --- [           main] com.tacoloco.config.JwtRequestFilter     : JWT Token does not begin with Bearer String
2020-09-07 10:18:28.651  INFO 32616 --- [           main] com.tacoloco.config.JwtRequestFilter     : RequestURI /total
2020-09-07 10:18:28.653  WARN 32616 --- [           main] com.tacoloco.config.JwtRequestFilter     : JWT Token does not begin with Bearer String
2020-09-07 10:18:28.861  INFO 32616 --- [           main] com.tacoloco.config.JwtRequestFilter     : RequestURI /addNewSession
2020-09-07 10:18:28.861  WARN 32616 --- [           main] com.tacoloco.config.JwtRequestFilter     : JWT Token does not begin with Bearer String
2020-09-07 10:18:28.902  INFO 32616 --- [           main] com.tacoloco.config.JwtRequestFilter     : RequestURI /addNewSession
2020-09-07 10:18:28.902  WARN 32616 --- [           main] com.tacoloco.config.JwtRequestFilter     : JWT Token does not begin with Bearer String
2020-09-07 10:18:28.940  INFO 32616 --- [           main] com.tacoloco.config.JwtRequestFilter     : RequestURI /overwriteSession
2020-09-07 10:18:28.940  WARN 32616 --- [           main] com.tacoloco.config.JwtRequestFilter     : JWT Token does not begin with Bearer String
2020-09-07 10:18:29.007  INFO 32616 --- [           main] com.tacoloco.config.JwtRequestFilter     : RequestURI /publicUserDetails/SirSnoopy
2020-09-07 10:18:29.007  WARN 32616 --- [           main] com.tacoloco.config.JwtRequestFilter     : JWT Token does not begin with Bearer String
2020-09-07 10:18:29.031  INFO 32616 --- [           main] com.tacoloco.config.JwtRequestFilter     : RequestURI /addNewSession
2020-09-07 10:18:29.031  WARN 32616 --- [           main] com.tacoloco.config.JwtRequestFilter     : JWT Token does not begin with Bearer String
2020-09-07 10:18:29.067  INFO 32616 --- [           main] com.tacoloco.config.JwtRequestFilter     : RequestURI /validateCustomer
2020-09-07 10:18:29.067  WARN 32616 --- [           main] com.tacoloco.config.JwtRequestFilter     : JWT Token does not begin with Bearer String
2020-09-07 10:18:29.102  INFO 32616 --- [           main] com.tacoloco.config.JwtRequestFilter     : RequestURI /insertCustomer
2020-09-07 10:18:29.102  WARN 32616 --- [           main] com.tacoloco.config.JwtRequestFilter     : JWT Token does not begin with Bearer String
2020-09-07 10:18:29.519  INFO 32616 --- [           main] com.tacoloco.config.JwtRequestFilter     : RequestURI /total
2020-09-07 10:18:29.519  WARN 32616 --- [           main] com.tacoloco.config.JwtRequestFilter     : JWT Token does not begin with Bearer String
2020-09-07 10:18:29.579  INFO 32616 --- [           main] com.tacoloco.config.JwtRequestFilter     : RequestURI /insertCustomer
2020-09-07 10:18:29.581  WARN 32616 --- [           main] com.tacoloco.config.JwtRequestFilter     : JWT Token does not begin with Bearer String
2020-09-07 10:18:30.961  INFO 32616 --- [           main] com.tacoloco.config.JwtRequestFilter     : RequestURI /insertCustomer
2020-09-07 10:18:30.962  WARN 32616 --- [           main] com.tacoloco.config.JwtRequestFilter     : JWT Token does not begin with Bearer String
2020-09-07 10:18:30.985  INFO 32616 --- [           main] com.tacoloco.config.JwtRequestFilter     : RequestURI /publicUserDetails/FakeName
2020-09-07 10:18:30.985  WARN 32616 --- [           main] com.tacoloco.config.JwtRequestFilter     : JWT Token does not begin with Bearer String
2020-09-07 10:18:31.010  INFO 32616 --- [           main] com.tacoloco.config.JwtRequestFilter     : RequestURI /addNewSession
2020-09-07 10:18:31.011  WARN 32616 --- [           main] com.tacoloco.config.JwtRequestFilter     : JWT Token does not begin with Bearer String
******************************** fake
[INFO] Tests run: 21, Failures: 0, Errors: 0, Skipped: 0, Time elapsed: 16.754 s - in com.tacoloco.pricingCalculator.PricingCalculatorControllerTests
[INFO] Running com.tacoloco.pricingCalculator.IntegrationTests
2020-09-07 10:18:31.293  INFO 32616 --- [           main] .b.t.c.SpringBootTestContextBootstrapper : Neither @ContextConfiguration nor @ContextHierarchy found for test class [com.tacoloco.pricingCalculator.IntegrationTests], using SpringBootContextLoader
2020-09-07 10:18:31.328  INFO 32616 --- [           main] o.s.t.c.support.AbstractContextLoader    : Could not detect default resource locations for test class [com.tacoloco.pricingCalculator.IntegrationTests]: no resource found for suffixes {-context.xml, Context.groovy}.
2020-09-07 10:18:31.371  INFO 32616 --- [           main] .b.t.c.SpringBootTestContextBootstrapper : Loaded default TestExecutionListener class names from location [META-INF/spring.factories]: [org.springframework.security.test.context.support.WithSecurityContextTestExecutionListener, org.springframework.security.test.context.support.ReactorContextTestExecutionListener, org.springframework.test.context.web.ServletTestExecutionListener, org.springframework.test.context.support.DirtiesContextBeforeModesTestExecutionListener, org.springframework.test.context.support.DependencyInjectionTestExecutionListener, org.springframework.test.context.support.DirtiesContextTestExecutionListener, org.springframework.test.context.transaction.TransactionalTestExecutionListener, org.springframework.test.context.jdbc.SqlScriptsTestExecutionListener, org.springframework.test.context.event.EventPublishingTestExecutionListener, org.springframework.boot.test.mock.mockito.MockitoTestExecutionListener, org.springframework.boot.test.mock.mockito.ResetMocksTestExecutionListener, org.springframework.boot.test.autoconfigure.restdocs.RestDocsTestExecutionListener, org.springframework.boot.test.autoconfigure.web.client.MockRestServiceServerResetTestExecutionListener, org.springframework.boot.test.autoconfigure.web.servlet.MockMvcPrintOnlyOnFailureTestExecutionListener, org.springframework.boot.test.autoconfigure.web.servlet.WebDriverTestExecutionListener]
2020-09-07 10:18:31.373  INFO 32616 --- [           main] .b.t.c.SpringBootTestContextBootstrapper : Using TestExecutionListeners: [org.springframework.test.context.web.ServletTestExecutionListener@50bc0bbd, org.springframework.test.context.support.DirtiesContextBeforeModesTestExecutionListener@6956081d, org.springframework.boot.test.mock.mockito.MockitoTestExecutionListener@5d94c50e, org.springframework.boot.test.autoconfigure.SpringBootDependencyInjectionTestExecutionListener@135f160e, org.springframework.test.context.support.DirtiesContextTestExecutionListener@230e163b, org.springframework.test.context.transaction.TransactionalTestExecutionListener@7a41f4a7, org.springframework.test.context.jdbc.SqlScriptsTestExecutionListener@186e254, org.springframework.security.test.context.support.WithSecurityContextTestExecutionListener@6a827b0c, org.springframework.test.context.event.EventPublishingTestExecutionListener@39ee07a9, org.springframework.security.test.context.support.ReactorContextTestExecutionListener@4cff38ff, org.springframework.boot.test.mock.mockito.ResetMocksTestExecutionListener@7adde776, org.springframework.boot.test.autoconfigure.restdocs.RestDocsTestExecutionListener@3feb93a, org.springframework.boot.test.autoconfigure.web.client.MockRestServiceServerResetTestExecutionListener@4ae435a3, org.springframework.boot.test.autoconfigure.web.servlet.MockMvcPrintOnlyOnFailureTestExecutionListener@7f69c4c0, org.springframework.boot.test.autoconfigure.web.servlet.WebDriverTestExecutionListener@6a9a6a0c]

  .   ____          _            __ _ _
 /\\ / ___'_ __ _ _(_)_ __  __ _ \ \ \ \
( ( )\___ | '_ | '_| | '_ \/ _` | \ \ \ \
 \\/  ___)| |_)| | | | | || (_| |  ) ) ) )
  '  |____| .__|_| |_|_| |_\__, | / / / /
 =========|_|==============|___/=/_/_/_/
 :: Spring Boot ::        (v2.2.5.RELEASE)

2020-09-07 10:18:31.623  INFO 32616 --- [           main] c.t.pricingCalculator.IntegrationTests   : Starting IntegrationTests on localhost with PID 32616 (started by dothewu in /home/dothewu/Downloads/Testing/taco-loco)
2020-09-07 10:18:31.623  INFO 32616 --- [           main] c.t.pricingCalculator.IntegrationTests   : The following profiles are active: test
2020-09-07 10:18:33.062  INFO 32616 --- [           main] .s.d.r.c.RepositoryConfigurationDelegate : Multiple Spring Data modules found, entering strict repository configuration mode!
2020-09-07 10:18:33.064  INFO 32616 --- [           main] .s.d.r.c.RepositoryConfigurationDelegate : Bootstrapping Spring Data JDBC repositories in DEFAULT mode.
2020-09-07 10:18:33.088  INFO 32616 --- [           main] .RepositoryConfigurationExtensionSupport : Spring Data JDBC - Could not safely identify store assignment for repository candidate interface com.tacoloco.dao.SessionDao. If you want this repository to be a JDBC repository, consider annotating your entities with one of these annotations: org.springframework.data.relational.core.mapping.Table.
2020-09-07 10:18:33.089  INFO 32616 --- [           main] .RepositoryConfigurationExtensionSupport : Spring Data JDBC - Could not safely identify store assignment for repository candidate interface com.tacoloco.dao.UserDao. If you want this repository to be a JDBC repository, consider annotating your entities with one of these annotations: org.springframework.data.relational.core.mapping.Table.
2020-09-07 10:18:33.090  INFO 32616 --- [           main] .s.d.r.c.RepositoryConfigurationDelegate : Finished Spring Data repository scanning in 24ms. Found 0 JDBC repository interfaces.
2020-09-07 10:18:33.103  INFO 32616 --- [           main] .s.d.r.c.RepositoryConfigurationDelegate : Multiple Spring Data modules found, entering strict repository configuration mode!
2020-09-07 10:18:33.104  INFO 32616 --- [           main] .s.d.r.c.RepositoryConfigurationDelegate : Bootstrapping Spring Data JPA repositories in DEFAULT mode.
2020-09-07 10:18:33.135  INFO 32616 --- [           main] .s.d.r.c.RepositoryConfigurationDelegate : Finished Spring Data repository scanning in 30ms. Found 2 JPA repository interfaces.
2020-09-07 10:18:33.593  INFO 32616 --- [           main] trationDelegate$BeanPostProcessorChecker : Bean 'org.springframework.security.config.annotation.configuration.ObjectPostProcessorConfiguration' of type [org.springframework.security.config.annotation.configuration.ObjectPostProcessorConfiguration] is not eligible for getting processed by all BeanPostProcessors (for example: not eligible for auto-proxying)
2020-09-07 10:18:33.672  INFO 32616 --- [           main] trationDelegate$BeanPostProcessorChecker : Bean 'objectPostProcessor' of type [org.springframework.security.config.annotation.configuration.AutowireBeanFactoryObjectPostProcessor] is not eligible for getting processed by all BeanPostProcessors (for example: not eligible for auto-proxying)
2020-09-07 10:18:33.674  INFO 32616 --- [           main] trationDelegate$BeanPostProcessorChecker : Bean 'org.springframework.security.access.expression.method.DefaultMethodSecurityExpressionHandler@6e8426aa' of type [org.springframework.security.access.expression.method.DefaultMethodSecurityExpressionHandler] is not eligible for getting processed by all BeanPostProcessors (for example: not eligible for auto-proxying)
2020-09-07 10:18:33.715  INFO 32616 --- [           main] trationDelegate$BeanPostProcessorChecker : Bean 'org.springframework.security.config.annotation.method.configuration.GlobalMethodSecurityConfiguration' of type [org.springframework.security.config.annotation.method.configuration.GlobalMethodSecurityConfiguration] is not eligible for getting processed by all BeanPostProcessors (for example: not eligible for auto-proxying)
2020-09-07 10:18:33.738  INFO 32616 --- [           main] trationDelegate$BeanPostProcessorChecker : Bean 'methodSecurityMetadataSource' of type [org.springframework.security.access.method.DelegatingMethodSecurityMetadataSource] is not eligible for getting processed by all BeanPostProcessors (for example: not eligible for auto-proxying)
2020-09-07 10:18:33.983  INFO 32616 --- [           main] com.zaxxer.hikari.HikariDataSource       : HikariPool-3 - Starting...
2020-09-07 10:18:33.990  INFO 32616 --- [           main] com.zaxxer.hikari.HikariDataSource       : HikariPool-3 - Start completed.
2020-09-07 10:18:34.048  INFO 32616 --- [           main] o.hibernate.jpa.internal.util.LogHelper  : HHH000204: Processing PersistenceUnitInfo [name: default]
2020-09-07 10:18:34.067  INFO 32616 --- [           main] org.hibernate.dialect.Dialect            : HHH000400: Using dialect: org.hibernate.dialect.H2Dialect
2020-09-07 10:18:34.430  INFO 32616 --- [           main] o.h.e.t.j.p.i.JtaPlatformInitiator       : HHH000490: Using JtaPlatform implementation: [org.hibernate.engine.transaction.jta.platform.internal.NoJtaPlatform]
2020-09-07 10:18:34.432  INFO 32616 --- [           main] j.LocalContainerEntityManagerFactoryBean : Initialized JPA EntityManagerFactory for persistence unit 'default'
2020-09-07 10:18:34.811  WARN 32616 --- [           main] JpaBaseConfiguration$JpaWebConfiguration : spring.jpa.open-in-view is enabled by default. Therefore, database queries may be performed during view rendering. Explicitly configure spring.jpa.open-in-view to disable this warning
2020-09-07 10:18:36.255  INFO 32616 --- [           main] o.s.s.web.DefaultSecurityFilterChain     : Creating filter chain: any request, [org.springframework.security.web.context.request.async.WebAsyncManagerIntegrationFilter@77732366, org.springframework.security.web.context.SecurityContextPersistenceFilter@5397d41e, org.springframework.security.web.header.HeaderWriterFilter@365fde74, org.springframework.security.web.authentication.logout.LogoutFilter@56dae6, org.springframework.security.web.savedrequest.RequestCacheAwareFilter@f6b128b, org.springframework.security.web.servletapi.SecurityContextHolderAwareRequestFilter@470fc16c, org.springframework.security.web.authentication.AnonymousAuthenticationFilter@7c046af, org.springframework.security.web.session.SessionManagementFilter@760b9444, org.springframework.security.web.access.ExceptionTranslationFilter@5d00241b, org.springframework.security.web.access.intercept.FilterSecurityInterceptor@5350a926]
2020-09-07 10:18:36.403  INFO 32616 --- [           main] o.s.s.web.DefaultSecurityFilterChain     : Creating filter chain: any request, [org.springframework.security.web.context.request.async.WebAsyncManagerIntegrationFilter@4ac2b4c6, org.springframework.security.web.context.SecurityContextPersistenceFilter@639c5ab4, org.springframework.security.web.header.HeaderWriterFilter@63ead376, org.springframework.security.web.csrf.CsrfFilter@5834298c, org.springframework.security.web.authentication.logout.LogoutFilter@22025464, org.springframework.security.web.authentication.UsernamePasswordAuthenticationFilter@2c39c520, org.springframework.security.web.authentication.ui.DefaultLoginPageGeneratingFilter@6345dc06, org.springframework.security.web.authentication.ui.DefaultLogoutPageGeneratingFilter@326489c4, org.springframework.security.web.authentication.www.BasicAuthenticationFilter@c50503e, org.springframework.security.web.savedrequest.RequestCacheAwareFilter@272cec71, org.springframework.security.web.servletapi.SecurityContextHolderAwareRequestFilter@12e8ea81, org.springframework.security.web.authentication.AnonymousAuthenticationFilter@50165a6d, org.springframework.security.web.session.SessionManagementFilter@1a1d7832, org.springframework.security.web.access.ExceptionTranslationFilter@7c070e78, org.springframework.security.web.access.intercept.FilterSecurityInterceptor@38f7a20]
2020-09-07 10:18:37.626  INFO 32616 --- [           main] o.s.s.concurrent.ThreadPoolTaskExecutor  : Initializing ExecutorService 'applicationTaskExecutor'
2020-09-07 10:18:41.630  INFO 32616 --- [           main] o.s.b.t.m.w.SpringBootMockServletContext : Initializing Spring TestDispatcherServlet ''
2020-09-07 10:18:41.631  INFO 32616 --- [           main] o.s.t.web.servlet.TestDispatcherServlet  : Initializing Servlet ''
2020-09-07 10:18:41.673  INFO 32616 --- [           main] o.s.t.web.servlet.TestDispatcherServlet  : Completed initialization in 33 ms
2020-09-07 10:18:41.721  INFO 32616 --- [           main] c.t.pricingCalculator.IntegrationTests   : Started IntegrationTests in 10.325 seconds (JVM running for 159.288)
2020-09-07 10:18:42.806  INFO 32616 --- [           main] com.tacoloco.config.JwtRequestFilter     : RequestURI /allPublicUserDetails
2020-09-07 10:18:42.806  WARN 32616 --- [           main] com.tacoloco.config.JwtRequestFilter     : JWT Token does not begin with Bearer String
******************************** fake1
2020-09-07 10:18:43.526  INFO 32616 --- [           main] com.tacoloco.config.JwtRequestFilter     : RequestURI /addNewSession
2020-09-07 10:18:43.527  WARN 32616 --- [           main] com.tacoloco.config.JwtRequestFilter     : JWT Token does not begin with Bearer String
2020-09-07 10:18:43.647  INFO 32616 --- [           main] com.tacoloco.config.JwtRequestFilter     : RequestURI /addNewSession
2020-09-07 10:18:43.648  WARN 32616 --- [           main] com.tacoloco.config.JwtRequestFilter     : JWT Token does not begin with Bearer String
2020-09-07 10:18:43.664  WARN 32616 --- [           main] o.h.engine.jdbc.spi.SqlExceptionHelper   : SQL Error: 23505, SQLState: 23505
2020-09-07 10:18:43.665 ERROR 32616 --- [           main] o.h.engine.jdbc.spi.SqlExceptionHelper   : Unique index or primary key violation: "PUBLIC.UK_CIHW5C8XE4RF3SC4F89WEV8DB_INDEX_A ON PUBLIC.SESSION(SESSION_STORY_ID) VALUES 1"; SQL statement:
insert into session (id, session_action, session_creator, session_mentee, session_mentee_comments, session_mentee_rating, session_mentor, session_mentor_comments, session_mentor_rating, session_story_id, session_subject_matter, time) values (null, ?, ?, ?, ?, ?, ?, ?, ?, ?, ?, ?) [23505-200]
2020-09-07 10:18:43.709  INFO 32616 --- [           main] com.tacoloco.config.JwtRequestFilter     : RequestURI /overwriteSession
2020-09-07 10:18:43.715  WARN 32616 --- [           main] com.tacoloco.config.JwtRequestFilter     : JWT Token does not begin with Bearer String
2020-09-07 10:18:43.745  INFO 32616 --- [           main] com.tacoloco.config.JwtRequestFilter     : RequestURI /sessionFromUsername/SnoopyJr
2020-09-07 10:18:43.751  WARN 32616 --- [           main] com.tacoloco.config.JwtRequestFilter     : JWT Token does not begin with Bearer String
2020-09-07 10:18:43.856  INFO 32616 --- [           main] com.tacoloco.config.JwtRequestFilter     : RequestURI /overwriteSession
2020-09-07 10:18:43.860  WARN 32616 --- [           main] com.tacoloco.config.JwtRequestFilter     : JWT Token does not begin with Bearer String
2020-09-07 10:18:43.995  INFO 32616 --- [           main] com.tacoloco.config.JwtRequestFilter     : RequestURI /sessionFromUsername/SnoopyJr
2020-09-07 10:18:44.005  WARN 32616 --- [           main] com.tacoloco.config.JwtRequestFilter     : JWT Token does not begin with Bearer String
2020-09-07 10:18:44.414  WARN 32616 --- [           main] o.h.engine.jdbc.spi.SqlExceptionHelper   : SQL Error: 23505, SQLState: 23505
2020-09-07 10:18:44.419 ERROR 32616 --- [           main] o.h.engine.jdbc.spi.SqlExceptionHelper   : Unique index or primary key violation: "PUBLIC.UK_SB8BBOUER5WAK8VYIIY4PF2BX_INDEX_2 ON PUBLIC.USER(USERNAME) VALUES 3"; SQL statement:
insert into user (id, first_name, last_name, password, username) values (null, ?, ?, ?, ?) [23505-200]
2020-09-07 10:18:44.620  INFO 32616 --- [           main] com.tacoloco.config.JwtRequestFilter     : RequestURI /publicUserDetails/SirSnoopy7
2020-09-07 10:18:44.625  WARN 32616 --- [           main] com.tacoloco.config.JwtRequestFilter     : JWT Token does not begin with Bearer String
2020-09-07 10:18:44.769  INFO 32616 --- [           main] com.tacoloco.config.JwtRequestFilter     : RequestURI /addNewSession
2020-09-07 10:18:44.773  WARN 32616 --- [           main] com.tacoloco.config.JwtRequestFilter     : JWT Token does not begin with Bearer String
2020-09-07 10:18:44.801  INFO 32616 --- [           main] com.tacoloco.config.JwtRequestFilter     : RequestURI /total
2020-09-07 10:18:44.808  WARN 32616 --- [           main] com.tacoloco.config.JwtRequestFilter     : JWT Token does not begin with Bearer String
2020-09-07 10:18:44.826  WARN 32616 --- [           main] .w.s.m.s.DefaultHandlerExceptionResolver : Resolved [org.springframework.http.converter.HttpMessageNotReadableException: JSON parse error: Unexpected end-of-input: expected close marker for Object (start marker at [Source: (PushbackInputStream); line: 1, column: 1]); nested exception is com.fasterxml.jackson.core.io.JsonEOFException: Unexpected end-of-input: expected close marker for Object (start marker at [Source: (PushbackInputStream); line: 1, column: 1])
 at [Source: (PushbackInputStream); line: 1, column: 2]]
2020-09-07 10:18:44.852  INFO 32616 --- [           main] com.tacoloco.config.JwtRequestFilter     : RequestURI /total
2020-09-07 10:18:44.855  WARN 32616 --- [           main] com.tacoloco.config.JwtRequestFilter     : JWT Token does not begin with Bearer String
2020-09-07 10:18:44.973  INFO 32616 --- [           main] com.tacoloco.config.JwtRequestFilter     : RequestURI /insertCustomer
2020-09-07 10:18:44.979  WARN 32616 --- [           main] com.tacoloco.config.JwtRequestFilter     : JWT Token does not begin with Bearer String
2020-09-07 10:18:45.190  INFO 32616 --- [           main] com.tacoloco.config.JwtRequestFilter     : RequestURI /total
2020-09-07 10:18:45.195  WARN 32616 --- [           main] com.tacoloco.config.JwtRequestFilter     : JWT Token does not begin with Bearer String
2020-09-07 10:18:45.413  INFO 32616 --- [           main] com.tacoloco.config.JwtRequestFilter     : RequestURI /publicUserDetails/FakeName
2020-09-07 10:18:45.420  WARN 32616 --- [           main] com.tacoloco.config.JwtRequestFilter     : JWT Token does not begin with Bearer String
2020-09-07 10:18:45.465  INFO 32616 --- [           main] com.tacoloco.config.JwtRequestFilter     : RequestURI /addNewSession
2020-09-07 10:18:45.471  WARN 32616 --- [           main] com.tacoloco.config.JwtRequestFilter     : JWT Token does not begin with Bearer String
2020-09-07 10:18:45.510  INFO 32616 --- [           main] com.tacoloco.config.JwtRequestFilter     : RequestURI /total
2020-09-07 10:18:45.514  WARN 32616 --- [           main] com.tacoloco.config.JwtRequestFilter     : JWT Token does not begin with Bearer String
2020-09-07 10:18:45.734  INFO 32616 --- [           main] com.tacoloco.config.JwtRequestFilter     : RequestURI /total
2020-09-07 10:18:45.734  WARN 32616 --- [           main] com.tacoloco.config.JwtRequestFilter     : JWT Token does not begin with Bearer String
2020-09-07 10:18:45.752  INFO 32616 --- [           main] com.tacoloco.config.JwtRequestFilter     : RequestURI /addNewSession
2020-09-07 10:18:45.752  WARN 32616 --- [           main] com.tacoloco.config.JwtRequestFilter     : JWT Token does not begin with Bearer String
2020-09-07 10:18:45.766  INFO 32616 --- [           main] com.tacoloco.config.JwtRequestFilter     : RequestURI /addNewSession
2020-09-07 10:18:45.767  WARN 32616 --- [           main] com.tacoloco.config.JwtRequestFilter     : JWT Token does not begin with Bearer String
2020-09-07 10:18:45.778  INFO 32616 --- [           main] com.tacoloco.config.JwtRequestFilter     : RequestURI /sessionFromUsername/SirSnoopy
2020-09-07 10:18:45.779  WARN 32616 --- [           main] com.tacoloco.config.JwtRequestFilter     : JWT Token does not begin with Bearer String
[INFO] Tests run: 18, Failures: 0, Errors: 0, Skipped: 0, Time elapsed: 14.068 s - in com.tacoloco.pricingCalculator.IntegrationTests
2020-09-07 10:18:45.889  INFO 32616 --- [extShutdownHook] o.s.s.concurrent.ThreadPoolTaskExecutor  : Shutting down ExecutorService 'applicationTaskExecutor'
2020-09-07 10:18:45.890  INFO 32616 --- [extShutdownHook] o.s.s.concurrent.ThreadPoolTaskExecutor  : Shutting down ExecutorService 'applicationTaskExecutor'
2020-09-07 10:18:45.893  INFO 32616 --- [extShutdownHook] o.s.s.concurrent.ThreadPoolTaskExecutor  : Shutting down ExecutorService 'applicationTaskExecutor'
2020-09-07 10:18:45.903  INFO 32616 --- [extShutdownHook] j.LocalContainerEntityManagerFactoryBean : Closing JPA EntityManagerFactory for persistence unit 'default'
2020-09-07 10:18:45.910  INFO 32616 --- [extShutdownHook] j.LocalContainerEntityManagerFactoryBean : Closing JPA EntityManagerFactory for persistence unit 'default'
2020-09-07 10:18:45.911  INFO 32616 --- [extShutdownHook] j.LocalContainerEntityManagerFactoryBean : Closing JPA EntityManagerFactory for persistence unit 'default'
2020-09-07 10:18:45.914  INFO 32616 --- [extShutdownHook] .SchemaDropperImpl$DelayedDropActionImpl : HHH000477: Starting delayed evictData of schema as part of SessionFactory shut-down'
2020-09-07 10:18:45.913  INFO 32616 --- [extShutdownHook] .SchemaDropperImpl$DelayedDropActionImpl : HHH000477: Starting delayed evictData of schema as part of SessionFactory shut-down'
2020-09-07 10:18:45.917  INFO 32616 --- [extShutdownHook] .SchemaDropperImpl$DelayedDropActionImpl : HHH000477: Starting delayed evictData of schema as part of SessionFactory shut-down'
2020-09-07 10:18:46.011  INFO 32616 --- [extShutdownHook] com.zaxxer.hikari.HikariDataSource       : HikariPool-3 - Shutdown initiated...
2020-09-07 10:18:46.054 ERROR 32616 --- [extShutdownHook] .SchemaDropperImpl$DelayedDropActionImpl : HHH000478: Unsuccessful: drop table session if exists
2020-09-07 10:18:46.056  INFO 32616 --- [extShutdownHook] com.zaxxer.hikari.HikariDataSource       : HikariPool-1 - Shutdown initiated...
2020-09-07 10:18:46.084 ERROR 32616 --- [extShutdownHook] .SchemaDropperImpl$DelayedDropActionImpl : HHH000478: Unsuccessful: drop table session if exists
2020-09-07 10:18:46.087  INFO 32616 --- [extShutdownHook] com.zaxxer.hikari.HikariDataSource       : HikariPool-2 - Shutdown initiated...
2020-09-07 10:18:46.098  INFO 32616 --- [extShutdownHook] com.zaxxer.hikari.HikariDataSource       : HikariPool-1 - Shutdown completed.
2020-09-07 10:18:46.102  INFO 32616 --- [extShutdownHook] com.zaxxer.hikari.HikariDataSource       : HikariPool-3 - Shutdown completed.
2020-09-07 10:18:46.109  INFO 32616 --- [extShutdownHook] com.zaxxer.hikari.HikariDataSource       : HikariPool-2 - Shutdown completed.
[INFO] 
[INFO] Results:
[INFO] 
[INFO] Tests run: 54, Failures: 0, Errors: 0, Skipped: 0
[INFO] 
[INFO] ------------------------------------------------------------------------
[INFO] BUILD SUCCESS
[INFO] ------------------------------------------------------------------------
[INFO] Total time: 04:30 min
[INFO] Finished at: 2020-09-07T10:18:46-04:00
[INFO] Final Memory: 40M/159M
[INFO] ------------------------------------------------------------------------
